  ADNStaticInterface.cpp
  CustomValue.cpp
C:\Users\koecha\Downloads\Cases\case19732922\CustomValue.cpp(28,51): warning C4100: 'count': unreferenced formal parameter
C:\Users\koecha\Downloads\Cases\case19732922\CustomValue.cpp(28,37): warning C4100: 'arg_list': unreferenced formal parameter
C:\Users\koecha\Downloads\Cases\case19732922\CustomValue.cpp(34,51): warning C4100: 'count': unreferenced formal parameter
C:\Users\koecha\Downloads\Cases\case19732922\CustomValue.cpp(43,44): warning C4100: 'count': unreferenced formal parameter
C:\Users\koecha\Downloads\Cases\case19732922\CustomValue.cpp(43,30): warning C4100: 'arg_list': unreferenced formal parameter
C:\Users\koecha\Downloads\Cases\case19732922\CustomValue.cpp(49,44): warning C4100: 'count': unreferenced formal parameter
C:\Users\koecha\Downloads\Cases\case19732922\CustomValue.cpp(57,49): warning C4100: 'count': unreferenced formal parameter
C:\Users\koecha\Downloads\Cases\case19732922\CustomValue.cpp(57,35): warning C4100: 'arg_list': unreferenced formal parameter
C:\Users\koecha\Downloads\Cases\case19732922\CustomValue.cpp(63,49): warning C4100: 'count': unreferenced formal parameter
C:\Users\koecha\Downloads\Cases\case19732922\CustomValue.cpp(70,46): warning C4100: 'count': unreferenced formal parameter
C:\Users\koecha\Downloads\Cases\case19732922\CustomValue.cpp(70,32): warning C4100: 'arg_list': unreferenced formal parameter
C:\Users\koecha\Downloads\Cases\case19732922\CustomValue.cpp(83,44): warning C4100: 'count': unreferenced formal parameter
C:\Users\koecha\Downloads\Cases\case19732922\CustomValue.cpp(83,30): warning C4100: 'arg_list': unreferenced formal parameter
C:\Users\koecha\Downloads\Cases\case19732922\CustomValue.cpp(99,49): warning C4100: 'count': unreferenced formal parameter
C:\Users\koecha\Downloads\Cases\case19732922\CustomValue.cpp(99,35): warning C4100: 'arg_list': unreferenced formal parameter
C:\Users\koecha\Downloads\Cases\case19732922\CustomValue.cpp(113,50): warning C4100: 'count': unreferenced formal parameter
C:\Users\koecha\Downloads\Cases\case19732922\CustomValue.cpp(113,36): warning C4100: 'arg_list': unreferenced formal parameter
  LINK : D:\Autodesk\3ds Max 2023\\Plugins\case19732922.gup not found or not built by the last incremental link; performing full link
     Creating library C:\Users\koecha\Downloads\Cases\case19732922\\obj\x64\Hybrid\\case19732922.lib and object C:\Users\koecha\Downloads\Cases\case19732922\\obj\x64\Hybrid\\case19732922.exp
  case19732922.vcxproj -> D:\Autodesk\3ds Max 2023\Plugins\case19732922.gup
  C:\Users\koecha\Downloads\Cases\case19732922\obj\x64\Hybrid\case19732922.gup.muiLanguage neutral file successfully created at "C:\Users\koecha\Downloads\Cases\case19732922\obj\x64\Hybrid\case19732922.gup.ln".
  MUI file successfully created at "C:\Users\koecha\Downloads\Cases\case19732922\obj\x64\Hybrid\case19732922.gup.mui".
