c:\users\koecha\downloads\cases\case19732922\obj\x64\hybrid\case19732922.lib
c:\users\koecha\downloads\cases\case19732922\obj\x64\hybrid\case19732922.exp
c:\users\koecha\downloads\cases\case19732922\obj\x64\hybrid\dllentry.obj
c:\users\koecha\downloads\cases\case19732922\obj\x64\hybrid\case19732922.obj
c:\users\koecha\downloads\cases\case19732922\obj\x64\hybrid\customvalue.obj
c:\users\koecha\downloads\cases\case19732922\obj\x64\hybrid\adnstaticinterface.obj
c:\users\koecha\downloads\cases\case19732922\obj\x64\hybrid\vc142.pdb
d:\autodesk\3ds max 2023\plugins\case19732922.ilk
d:\autodesk\3ds max 2023\plugins\case19732922.gup
d:\autodesk\3ds max 2023\plugins\case19732922.pdb
d:\maxsdk\3ds max 2023 sdk\maxsdk\pdb\x64\hybrid\case19732922.pdb
c:\users\koecha\downloads\cases\case19732922\obj\x64\hybrid\case19732922.res
d:\autodesk\3ds max 2023\\plugins\case19732922.pdb
d:\autodesk\3ds max 2023\\plugins\case19732922.ilk
c:\users\koecha\downloads\cases\case19732922\obj\x64\hybrid\case19732922.tlog\case19732922.write.1u.tlog
c:\users\koecha\downloads\cases\case19732922\obj\x64\hybrid\case19732922.tlog\cl.command.1.tlog
c:\users\koecha\downloads\cases\case19732922\obj\x64\hybrid\case19732922.tlog\cl.read.1.tlog
c:\users\koecha\downloads\cases\case19732922\obj\x64\hybrid\case19732922.tlog\cl.write.1.tlog
c:\users\koecha\downloads\cases\case19732922\obj\x64\hybrid\case19732922.tlog\link.command.1.tlog
c:\users\koecha\downloads\cases\case19732922\obj\x64\hybrid\case19732922.tlog\link.read.1.tlog
c:\users\koecha\downloads\cases\case19732922\obj\x64\hybrid\case19732922.tlog\link.write.1.tlog
c:\users\koecha\downloads\cases\case19732922\obj\x64\hybrid\case19732922.tlog\rc.command.1.tlog
c:\users\koecha\downloads\cases\case19732922\obj\x64\hybrid\case19732922.tlog\rc.read.1.tlog
c:\users\koecha\downloads\cases\case19732922\obj\x64\hybrid\case19732922.tlog\rc.write.1.tlog
